2022-10-21 09:24:46,860 ERROR com.revature.Controller.dbController [main] The url cannot be null
2022-10-21 09:26:20,859 ERROR com.revature.Controller.dbController [main] The url cannot be null
2022-10-21 09:26:57,956 ERROR com.revature.Controller.dbController [main] The url cannot be null
2022-10-21 09:28:17,412 ERROR com.revature.Controller.dbController [main] The url cannot be null
2022-10-21 09:28:30,261 ERROR com.revature.Controller.dbController [main] The url cannot be null
2022-10-21 11:55:00,391 ERROR com.revature.Controller.dbController [JettyServerThreadPool-18] ERROR: relation "accounts" does not exist
  Position: 18
2022-10-21 11:57:12,040 ERROR com.revature.Controller.dbController [JettyServerThreadPool-13] ERROR: relation "accounts" does not exist
  Position: 18
2022-10-21 11:58:17,884 ERROR com.revature.Controller.dbController [JettyServerThreadPool-18] ERROR: relation "accounts" does not exist
  Position: 18
2022-10-21 11:58:24,209 ERROR com.revature.Controller.dbController [JettyServerThreadPool-13] ERROR: relation "accounts" does not exist
  Position: 18
2022-10-21 11:58:27,642 ERROR com.revature.Controller.dbController [JettyServerThreadPool-19] ERROR: relation "accounts" does not exist
  Position: 18
2022-10-21 12:00:07,806 ERROR com.revature.Controller.dbController [JettyServerThreadPool-18] ERROR: relation "users" does not exist
  Position: 18
2022-10-21 12:37:49,742 ERROR com.revature.Controller.dbController [JettyServerThreadPool-16] ERROR: relation "users" does not exist
  Position: 18
2022-10-21 12:43:41,065 ERROR com.revature.Controller.dbController [JettyServerThreadPool-18] ERROR: relation "users" does not exist
  Position: 22
2022-10-21 12:45:02,343 ERROR com.revature.Controller.dbController [JettyServerThreadPool-15] ERROR: relation "users" does not exist
  Position: 22
2022-10-21 12:46:24,317 ERROR com.revature.Controller.dbController [JettyServerThreadPool-18] ERROR: relation "users" does not exist
  Position: 22
2022-10-21 12:49:23,783 ERROR com.revature.Controller.dbController [JettyServerThreadPool-18] ERROR: relation "users" does not exist
  Position: 22
2022-10-21 12:50:20,505 ERROR com.revature.Controller.dbController [JettyServerThreadPool-18] ERROR: relation "users" does not exist
  Position: 22
2022-10-21 12:52:20,544 ERROR com.revature.Controller.dbController [JettyServerThreadPool-13] ERROR: relation "users" does not exist
  Position: 22
2022-10-21 12:53:23,918 ERROR com.revature.Controller.dbController [JettyServerThreadPool-18] ERROR: relation "users" does not exist
  Position: 22
2022-10-21 12:54:40,569 ERROR com.revature.Controller.dbController [main] ERROR: syntax error at or near "NULLSign"
  Position: 169
2022-10-21 12:54:44,842 ERROR com.revature.Controller.dbController [JettyServerThreadPool-18] ERROR: relation "users" does not exist
  Position: 22
2022-10-21 12:55:29,774 ERROR com.revature.Controller.dbController [main] ERROR: syntax error at or near "NULLSign"
  Position: 169
2022-10-21 12:55:33,663 ERROR com.revature.Controller.dbController [main] ERROR: syntax error at or near "NULLSign"
  Position: 169
2022-10-21 12:55:37,125 ERROR com.revature.Controller.dbController [JettyServerThreadPool-20] ERROR: relation "users" does not exist
  Position: 22
2022-10-21 12:55:47,916 ERROR com.revature.Controller.dbController [main] ERROR: syntax error at or near "NULLSign"
  Position: 169
2022-10-21 12:55:54,363 ERROR com.revature.Controller.dbController [main] ERROR: syntax error at or near "NULLSign"
  Position: 169
2022-10-21 12:55:58,745 ERROR com.revature.Controller.dbController [main] ERROR: syntax error at or near "NULLSign"
  Position: 169
2022-10-21 12:56:01,974 ERROR com.revature.Controller.dbController [JettyServerThreadPool-18] ERROR: relation "users" does not exist
  Position: 22
2022-10-21 12:56:27,308 ERROR com.revature.Controller.dbController [main] ERROR: syntax error at or near "NULLSign"
  Position: 169
2022-10-21 12:59:29,986 ERROR com.revature.Controller.dbController [main] ERROR: syntax error at or near "NULLSign"
  Position: 169
2022-10-21 12:59:42,903 ERROR com.revature.Controller.dbController [JettyServerThreadPool-18] ERROR: relation "users" does not exist
  Position: 22
2022-10-21 13:01:08,245 ERROR com.revature.Controller.dbController [main] ERROR: syntax error at or near "NULLSign"
  Position: 169
2022-10-21 13:01:10,095 ERROR com.revature.Controller.dbController [JettyServerThreadPool-18] ERROR: relation "users" does not exist
  Position: 22
2022-10-21 13:04:09,763 ERROR com.revature.Controller.dbController [main] ERROR: syntax error at or near "NULLSign"
  Position: 169
2022-10-21 13:04:24,716 ERROR com.revature.Controller.dbController [JettyServerThreadPool-17] ERROR: relation "users" does not exist
  Position: 22
2022-10-21 13:05:44,107 ERROR com.revature.Controller.dbController [main] ERROR: syntax error at or near "NULLSign"
  Position: 169
2022-10-21 13:05:46,616 ERROR com.revature.Controller.dbController [JettyServerThreadPool-18] ERROR: relation "users" does not exist
  Position: 22
2022-10-21 13:06:59,570 ERROR com.revature.Controller.dbController [main] ERROR: syntax error at or near "NULLSign"
  Position: 155
2022-10-21 13:07:03,676 ERROR com.revature.Controller.dbController [JettyServerThreadPool-17] ERROR: relation "users" does not exist
  Position: 22
2022-10-21 13:09:09,782 ERROR com.revature.Controller.dbController [main] ERROR: syntax error at or near "NULLSign"
  Position: 169
2022-10-21 13:09:13,988 ERROR com.revature.Controller.dbController [JettyServerThreadPool-18] ERROR: relation "users" does not exist
  Position: 22
2022-10-21 13:12:57,622 ERROR com.revature.Controller.dbController [main] ERROR: syntax error at or near "NULLSign"
  Position: 169
2022-10-21 13:13:04,321 ERROR com.revature.Controller.dbController [JettyServerThreadPool-18] ERROR: relation "users" does not exist
  Position: 22
2022-10-21 13:14:10,890 ERROR com.revature.Controller.dbController [main] ERROR: syntax error at or near "NULLSign"
  Position: 169
2022-10-21 13:14:14,664 ERROR com.revature.Controller.dbController [main] ERROR: syntax error at or near "NULLSign"
  Position: 169
2022-10-21 13:14:21,422 ERROR com.revature.Controller.dbController [main] ERROR: syntax error at or near "NULLSign"
  Position: 169
2022-10-21 13:14:26,213 ERROR com.revature.Controller.dbController [JettyServerThreadPool-18] ERROR: relation "users" does not exist
  Position: 22
2022-10-21 13:15:24,873 ERROR com.revature.Controller.dbController [main] ERROR: syntax error at or near "NULLSign"
  Position: 169
2022-10-21 13:15:29,680 ERROR com.revature.Controller.dbController [JettyServerThreadPool-18] ERROR: relation "users" does not exist
  Position: 22
2022-10-21 13:15:58,600 ERROR com.revature.Controller.dbController [main] ERROR: syntax error at or near "NULLSign"
  Position: 169
2022-10-21 13:16:01,342 ERROR com.revature.Controller.dbController [JettyServerThreadPool-18] ERROR: relation "users" does not exist
  Position: 22
2022-10-21 13:20:59,408 ERROR com.revature.Controller.dbController [main] ERROR: syntax error at or near "NULLSign"
  Position: 169
2022-10-21 13:21:34,091 ERROR com.revature.Controller.dbController [main] ERROR: syntax error at or near "NULLSign"
  Position: 169
2022-10-21 13:22:21,050 ERROR com.revature.Controller.dbController [main] ERROR: syntax error at or near "NULLSign"
  Position: 169
2022-10-21 13:22:36,160 ERROR com.revature.Controller.dbController [main] ERROR: syntax error at or near "NULLSign"
  Position: 169
2022-10-21 13:24:18,454 ERROR com.revature.Controller.dbController [main] ERROR: syntax error at or near "NULLSign"
  Position: 169
2022-10-21 13:24:43,251 ERROR com.revature.Controller.dbController [main] ERROR: syntax error at or near "NULLSign"
  Position: 169
2022-10-21 13:25:15,133 ERROR com.revature.Controller.dbController [main] ERROR: syntax error at or near "NULLSign"
  Position: 169
2022-10-21 13:25:51,636 ERROR com.revature.Controller.dbController [main] ERROR: syntax error at or near "NULLSign"
  Position: 169
2022-10-21 13:26:02,548 ERROR com.revature.Controller.dbController [JettyServerThreadPool-18] ERROR: relation "users" does not exist
  Position: 22
2022-10-21 13:26:06,707 ERROR com.revature.Controller.dbController [JettyServerThreadPool-15] ERROR: relation "users" does not exist
  Position: 22
2022-10-21 13:26:34,870 ERROR com.revature.Controller.dbController [main] ERROR: syntax error at or near "NULLSign"
  Position: 169
2022-10-21 13:27:43,814 ERROR com.revature.Controller.dbController [main] ERROR: syntax error at or near "NULLSign"
  Position: 169
2022-10-21 13:29:50,461 ERROR com.revature.Controller.dbController [main] The url cannot be null
2022-10-21 13:30:26,370 ERROR com.revature.Controller.dbController [main] ERROR: syntax error at or near "NULLSign"
  Position: 169
2022-10-21 13:30:42,339 ERROR com.revature.Controller.dbController [JettyServerThreadPool-18] ERROR: relation "users" does not exist
  Position: 15
2022-10-21 13:33:15,074 ERROR com.revature.Controller.dbController [main] The url cannot be null
2022-10-21 13:34:00,865 ERROR com.revature.Controller.dbController [main] ERROR: syntax error at or near "NULLSign"
  Position: 169
2022-10-21 13:34:35,473 ERROR com.revature.Controller.dbController [main] ERROR: syntax error at or near "NULLSign"
  Position: 169
2022-10-21 13:36:12,842 ERROR com.revature.Controller.dbController [main] ERROR: syntax error at or near "NULLSign"
  Position: 169
2022-10-21 13:38:30,488 ERROR com.revature.Controller.dbController [main] ERROR: syntax error at or near "NULLSign"
  Position: 169
2022-10-21 13:41:54,521 ERROR com.revature.Controller.dbController [main] ERROR: syntax error at or near "NULLSign"
  Position: 169
2022-10-21 13:42:36,242 ERROR com.revature.Controller.dbController [main] ERROR: syntax error at or near "NULLSign"
  Position: 169
2022-10-21 13:43:57,314 ERROR com.revature.Controller.dbController [main] ERROR: syntax error at or near "NULLSign"
  Position: 169
2022-10-21 13:44:26,751 ERROR com.revature.Controller.dbController [main] ERROR: syntax error at or near "NULLSign"
  Position: 169
2022-10-21 13:44:49,611 ERROR com.revature.Controller.dbController [main] ERROR: syntax error at or near "NULLSign"
  Position: 169
2022-10-21 13:46:00,967 ERROR com.revature.Controller.dbController [JettyServerThreadPool-17] ERROR: relation "users" does not exist
  Position: 15
2022-10-21 13:50:15,467 ERROR com.revature.Controller.dbController [main] ERROR: syntax error at or near "NULLSign"
  Position: 169
